0 info it worked if it ends with ok
1 verbose cli [ 'E:\\nodejs\\\\node.exe',
1 verbose cli   'E:\\nodejs\\node_modules\\npm\\bin\\npm-cli.js',
1 verbose cli   'install',
1 verbose cli   'node-uuid--save' ]
2 info using npm@1.4.28
3 info using node@v0.10.32
4 verbose node symlink E:\nodejs\\node.exe
5 verbose readDependencies using package.json deps
6 verbose cache add [ 'node-uuid--save', null ]
7 verbose cache add name=undefined spec="node-uuid--save" args=["node-uuid--save",null]
8 verbose parsed url { protocol: null,
8 verbose parsed url   slashes: null,
8 verbose parsed url   auth: null,
8 verbose parsed url   host: null,
8 verbose parsed url   port: null,
8 verbose parsed url   hostname: null,
8 verbose parsed url   hash: null,
8 verbose parsed url   search: null,
8 verbose parsed url   query: null,
8 verbose parsed url   pathname: 'node-uuid--save',
8 verbose parsed url   path: 'node-uuid--save',
8 verbose parsed url   href: 'node-uuid--save' }
9 silly lockFile 63f32433-node-uuid-save node-uuid--save
10 verbose lock node-uuid--save C:\Users\pengfeng\AppData\Roaming\npm-cache\63f32433-node-uuid-save.lock
11 silly lockFile 63f32433-node-uuid-save node-uuid--save
12 silly lockFile 63f32433-node-uuid-save node-uuid--save
13 verbose addNamed [ 'node-uuid--save', '' ]
14 verbose addNamed [ null, '*' ]
15 silly lockFile 3ee6b717-node-uuid-save node-uuid--save@
16 verbose lock node-uuid--save@ C:\Users\pengfeng\AppData\Roaming\npm-cache\3ee6b717-node-uuid-save.lock
17 silly addNameRange { name: 'node-uuid--save', range: '*', hasData: false }
18 verbose request where is /node-uuid--save
19 verbose request registry https://registry.npmjs.org/
20 verbose request id bc3d65c0c2409659
21 verbose url raw /node-uuid--save
22 verbose url resolving [ 'https://registry.npmjs.org/', './node-uuid--save' ]
23 verbose url resolved https://registry.npmjs.org/node-uuid--save
24 verbose request where is https://registry.npmjs.org/node-uuid--save
25 info trying registry request attempt 1 at 12:04:29
26 http GET https://registry.npmjs.org/node-uuid--save
27 http 404 https://registry.npmjs.org/node-uuid--save
28 verbose headers { date: 'Sun, 30 Nov 2014 04:03:03 GMT',
28 verbose headers   server: 'CouchDB/1.5.0 (Erlang OTP/R16B03)',
28 verbose headers   'content-type': 'application/json',
28 verbose headers   'cache-control': 'max-age=0',
28 verbose headers   'content-length': '52',
28 verbose headers   'accept-ranges': 'bytes',
28 verbose headers   via: '1.1 varnish',
28 verbose headers   age: '0',
28 verbose headers   'x-served-by': 'cache-ty68-TYO',
28 verbose headers   'x-cache': 'MISS',
28 verbose headers   'x-cache-hits': '0',
28 verbose headers   'x-timer': 'S1417320183.354486,VS0,VE121',
28 verbose headers   'keep-alive': 'timeout=10, max=50',
28 verbose headers   connection: 'Keep-Alive' }
29 silly registry.get cb [ 404,
29 silly registry.get   { date: 'Sun, 30 Nov 2014 04:03:03 GMT',
29 silly registry.get     server: 'CouchDB/1.5.0 (Erlang OTP/R16B03)',
29 silly registry.get     'content-type': 'application/json',
29 silly registry.get     'cache-control': 'max-age=0',
29 silly registry.get     'content-length': '52',
29 silly registry.get     'accept-ranges': 'bytes',
29 silly registry.get     via: '1.1 varnish',
29 silly registry.get     age: '0',
29 silly registry.get     'x-served-by': 'cache-ty68-TYO',
29 silly registry.get     'x-cache': 'MISS',
29 silly registry.get     'x-cache-hits': '0',
29 silly registry.get     'x-timer': 'S1417320183.354486,VS0,VE121',
29 silly registry.get     'keep-alive': 'timeout=10, max=50',
29 silly registry.get     connection: 'Keep-Alive' } ]
30 silly lockFile 3ee6b717-node-uuid-save node-uuid--save@
31 silly lockFile 3ee6b717-node-uuid-save node-uuid--save@
32 error 404 404 Not Found: node-uuid--save
32 error 404
32 error 404 'node-uuid--save' is not in the npm registry.
32 error 404 You should bug the author to publish it
32 error 404 It was specified as a dependency of 'application-name'
32 error 404
32 error 404 Maybe try 'npm search uuid  save'
32 error 404
32 error 404 Note that you can also install from a
32 error 404 tarball, folder, or http url, or git url.
33 error System Windows_NT 6.1.7601
34 error command "E:\\nodejs\\\\node.exe" "E:\\nodejs\\node_modules\\npm\\bin\\npm-cli.js" "install" "node-uuid--save"
35 error cwd G:\git\CSDdevelop
36 error node -v v0.10.32
37 error npm -v 1.4.28
38 error code E404
39 verbose exit [ 1, true ]
